0 info it worked if it ends with ok
1 verbose cli [ '/home/dillip/.nvm/versions/node/v4.4.4/bin/node',
1 verbose cli   '/home/dillip/.nvm/versions/node/v4.4.4/bin/npm',
1 verbose cli   'install',
1 verbose cli   'session-mongoose' ]
2 info using npm@2.15.1
3 info using node@v4.4.4
4 verbose install initial load of /home/dillip/nodejs/package.json
5 verbose installManyTop reading scoped package data from /home/dillip/nodejs/node_modules/body-parser/package.json
6 verbose installManyTop reading scoped package data from /home/dillip/nodejs/node_modules/connect/package.json
7 verbose installManyTop reading scoped package data from /home/dillip/nodejs/node_modules/cookie-parser/package.json
8 verbose installManyTop reading scoped package data from /home/dillip/nodejs/node_modules/express/package.json
9 verbose installManyTop reading scoped package data from /home/dillip/nodejs/node_modules/express-handlebars/package.json
10 verbose installManyTop reading scoped package data from /home/dillip/nodejs/node_modules/express-logger/package.json
11 verbose installManyTop reading scoped package data from /home/dillip/nodejs/node_modules/express-session/package.json
12 verbose installManyTop reading scoped package data from /home/dillip/nodejs/node_modules/formidable/package.json
13 verbose installManyTop reading scoped package data from /home/dillip/nodejs/node_modules/jquery-file-upload-middleware/package.json
14 verbose installManyTop reading scoped package data from /home/dillip/nodejs/node_modules/mongoose/package.json
15 verbose installManyTop reading scoped package data from /home/dillip/nodejs/node_modules/morgan/package.json
16 verbose installManyTop reading scoped package data from /home/dillip/nodejs/node_modules/nodemailer/package.json
17 info package.json formidable@1.0.17 No license field.
18 info package.json express-logger@0.0.3 No license field.
19 verbose readDependencies loading dependencies from /home/dillip/nodejs/package.json
20 silly cache add args [ 'session-mongoose', null ]
21 verbose cache add spec session-mongoose
22 silly cache add parsed spec Result {
22 silly cache add   raw: 'session-mongoose',
22 silly cache add   scope: null,
22 silly cache add   name: 'session-mongoose',
22 silly cache add   rawSpec: '',
22 silly cache add   spec: 'latest',
22 silly cache add   type: 'tag' }
23 silly addNamed session-mongoose@latest
24 verbose addNamed "latest" is being treated as a dist-tag for session-mongoose
25 info addNameTag [ 'session-mongoose', 'latest' ]
26 silly mapToRegistry name session-mongoose
27 silly mapToRegistry using default registry
28 silly mapToRegistry registry https://registry.npmjs.org/
29 silly mapToRegistry data Result {
29 silly mapToRegistry   raw: 'session-mongoose',
29 silly mapToRegistry   scope: null,
29 silly mapToRegistry   name: 'session-mongoose',
29 silly mapToRegistry   rawSpec: '',
29 silly mapToRegistry   spec: 'latest',
29 silly mapToRegistry   type: 'tag' }
30 silly mapToRegistry uri https://registry.npmjs.org/session-mongoose
31 verbose addNameTag registry:https://registry.npmjs.org/session-mongoose not in flight; fetching
32 verbose request uri https://registry.npmjs.org/session-mongoose
33 verbose request no auth needed
34 info attempt registry request try #1 at 11:08:59 PM
35 verbose request id 93102e04518e337d
36 verbose etag "3VE03OS38P4VN88FUC9K2LU9Y"
37 http request GET https://registry.npmjs.org/session-mongoose
38 http 304 https://registry.npmjs.org/session-mongoose
39 verbose headers { date: 'Sat, 21 May 2016 17:39:01 GMT',
39 verbose headers   via: '1.1 varnish',
39 verbose headers   'cache-control': 'max-age=300',
39 verbose headers   etag: '"3VE03OS38P4VN88FUC9K2LU9Y"',
39 verbose headers   age: '0',
39 verbose headers   connection: 'keep-alive',
39 verbose headers   'x-served-by': 'cache-sin6923-SIN',
39 verbose headers   'x-cache': 'HIT',
39 verbose headers   'x-cache-hits': '1',
39 verbose headers   'x-timer': 'S1463852341.069147,VS0,VE246',
39 verbose headers   vary: 'Accept-Encoding' }
40 silly get cb [ 304,
40 silly get   { date: 'Sat, 21 May 2016 17:39:01 GMT',
40 silly get     via: '1.1 varnish',
40 silly get     'cache-control': 'max-age=300',
40 silly get     etag: '"3VE03OS38P4VN88FUC9K2LU9Y"',
40 silly get     age: '0',
40 silly get     connection: 'keep-alive',
40 silly get     'x-served-by': 'cache-sin6923-SIN',
40 silly get     'x-cache': 'HIT',
40 silly get     'x-cache-hits': '1',
40 silly get     'x-timer': 'S1463852341.069147,VS0,VE246',
40 silly get     vary: 'Accept-Encoding' } ]
41 verbose etag https://registry.npmjs.org/session-mongoose from cache
42 verbose get saving session-mongoose to /home/dillip/.npm/registry.npmjs.org/session-mongoose/.cache.json
43 verbose correctMkdir /home/dillip/.npm correctMkdir not in flight; initializing
44 silly addNameTag next cb for session-mongoose with tag latest
45 silly addNamed session-mongoose@0.5.2
46 verbose addNamed "0.5.2" is a plain semver version for session-mongoose
47 silly cache afterAdd session-mongoose@0.5.2
48 verbose afterAdd /home/dillip/.npm/session-mongoose/0.5.2/package/package.json not in flight; writing
49 verbose correctMkdir /home/dillip/.npm correctMkdir not in flight; initializing
50 verbose afterAdd /home/dillip/.npm/session-mongoose/0.5.2/package/package.json written
51 silly install resolved [ { author:
51 silly install resolved      { name: 'Don Park',
51 silly install resolved        email: 'donpark@docuverse.com',
51 silly install resolved        url: 'http://blog.docuverse.com' },
51 silly install resolved     name: 'session-mongoose',
51 silly install resolved     description: 'connect session store implementation using Mongoose',
51 silly install resolved     version: '0.5.2',
51 silly install resolved     main: './index.js',
51 silly install resolved     repository:
51 silly install resolved      { type: 'git',
51 silly install resolved        url: 'git://github.com/donpark/session-mongoose.git' },
51 silly install resolved     engines: { node: '>= v0.8.0' },
51 silly install resolved     scripts: { prepublish: 'coffee -c *.coffee', test: 'mocha' },
51 silly install resolved     dependencies: { mongoose: '>= 3.0' },
51 silly install resolved     peerDependencies: { connect: '^2.0' },
51 silly install resolved     devDependencies:
51 silly install resolved      { mocha: '*',
51 silly install resolved        should: '*',
51 silly install resolved        connect: '^2.0',
51 silly install resolved        express: '^3.0',
51 silly install resolved        supertest: '*' },
51 silly install resolved     gitHead: '8c3985e4ce40948b1b2ba6cd5a44ac4e24a220cd',
51 silly install resolved     bugs: { url: 'https://github.com/donpark/session-mongoose/issues' },
51 silly install resolved     homepage: 'https://github.com/donpark/session-mongoose',
51 silly install resolved     _id: 'session-mongoose@0.5.2',
51 silly install resolved     _shasum: 'fcca94c788fd2ff7dabdd4816616ce92000f0c85',
51 silly install resolved     _from: 'session-mongoose@latest',
51 silly install resolved     _npmVersion: '1.4.24',
51 silly install resolved     _npmUser: { name: 'donpark', email: 'donpark@docuverse.com' },
51 silly install resolved     maintainers: [ [Object] ],
51 silly install resolved     dist:
51 silly install resolved      { shasum: 'fcca94c788fd2ff7dabdd4816616ce92000f0c85',
51 silly install resolved        tarball: 'https://registry.npmjs.org/session-mongoose/-/session-mongoose-0.5.2.tgz' },
51 silly install resolved     directories: {},
51 silly install resolved     _resolved: 'https://registry.npmjs.org/session-mongoose/-/session-mongoose-0.5.2.tgz',
51 silly install resolved     readme: 'ERROR: No README data found!' } ]
52 info install session-mongoose@0.5.2 into /home/dillip/nodejs
53 info installOne session-mongoose@0.5.2
54 verbose installOne of session-mongoose to /home/dillip/nodejs not in flight; installing
55 verbose correctMkdir /home/dillip/.npm/_locks correctMkdir not in flight; initializing
56 verbose lock using /home/dillip/.npm/_locks/session-mongoose-3da98a4cc4208374.lock for /home/dillip/nodejs/node_modules/session-mongoose
57 silly install write writing session-mongoose 0.5.2 to /home/dillip/nodejs/node_modules/session-mongoose
58 verbose unbuild node_modules/session-mongoose
59 silly gentlyRm /home/dillip/nodejs/node_modules/session-mongoose is being purged from base /home/dillip/nodejs
60 verbose gentlyRm don't care about contents; nuking /home/dillip/nodejs/node_modules/session-mongoose
61 verbose tar unpack /home/dillip/.npm/session-mongoose/0.5.2/package.tgz
62 verbose tar unpacking to /home/dillip/nodejs/node_modules/session-mongoose
63 silly gentlyRm /home/dillip/nodejs/node_modules/session-mongoose is being purged
64 verbose gentlyRm don't care about contents; nuking /home/dillip/nodejs/node_modules/session-mongoose
65 silly gunzTarPerm modes [ '775', '664' ]
66 silly gunzTarPerm extractEntry package.json
67 silly gunzTarPerm modified mode [ 'package.json', 420, 436 ]
68 silly gunzTarPerm extractEntry .npmignore
69 silly gunzTarPerm modified mode [ '.npmignore', 420, 436 ]
70 silly gunzTarPerm extractEntry README.md
71 silly gunzTarPerm modified mode [ 'README.md', 420, 436 ]
72 silly gunzTarPerm extractEntry index.js
73 silly gunzTarPerm modified mode [ 'index.js', 493, 509 ]
74 silly gunzTarPerm extractEntry index.coffee
75 silly gunzTarPerm modified mode [ 'index.coffee', 493, 509 ]
76 silly gunzTarPerm extractEntry test/direct.coffee
77 silly gunzTarPerm modified mode [ 'test/direct.coffee', 420, 436 ]
78 silly gunzTarPerm extractEntry test/express.coffee
79 silly gunzTarPerm modified mode [ 'test/express.coffee', 420, 436 ]
80 silly gunzTarPerm extractEntry test/mocha.opts
81 silly gunzTarPerm modified mode [ 'test/mocha.opts', 420, 436 ]
82 silly gunzTarPerm extractEntry test/no-sweeper.coffee
83 silly gunzTarPerm modified mode [ 'test/no-sweeper.coffee', 420, 436 ]
84 verbose write writing to /home/dillip/nodejs/node_modules/session-mongoose/package.json
85 info preinstall session-mongoose@0.5.2
86 verbose readDependencies loading dependencies from /home/dillip/nodejs/node_modules/session-mongoose/package.json
87 silly prepareForInstallMany adding connect@^2.0 from session-mongoose peerDependencies
88 warn peerDependencies The peer dependency connect@^2.0 included from session-mongoose will no
89 warn peerDependencies longer be automatically installed to fulfill the peerDependency
90 warn peerDependencies in npm 3+. Your application will need to depend on it explicitly.
91 verbose readDependencies loading dependencies from /home/dillip/nodejs/node_modules/session-mongoose/package.json
92 silly install resolved []
93 verbose about to build /home/dillip/nodejs/node_modules/session-mongoose
94 info build /home/dillip/nodejs/node_modules/session-mongoose
95 info linkStuff session-mongoose@0.5.2
96 silly linkStuff session-mongoose@0.5.2 has /home/dillip/nodejs/node_modules as its parent node_modules
97 verbose linkBins session-mongoose@0.5.2
98 verbose linkMans session-mongoose@0.5.2
99 verbose rebuildBundles session-mongoose@0.5.2
100 info install session-mongoose@0.5.2
101 info postinstall session-mongoose@0.5.2
102 verbose readDependencies loading dependencies from /home/dillip/nodejs/package.json
103 verbose targetResolver reading package data from /home/dillip/nodejs/node_modules/body-parser/package.json
104 verbose targetResolver reading package data from /home/dillip/nodejs/node_modules/connect/package.json
105 verbose targetResolver reading package data from /home/dillip/nodejs/node_modules/cookie-parser/package.json
106 verbose targetResolver reading package data from /home/dillip/nodejs/node_modules/express/package.json
107 verbose targetResolver reading package data from /home/dillip/nodejs/node_modules/express-handlebars/package.json
108 verbose targetResolver reading package data from /home/dillip/nodejs/node_modules/express-logger/package.json
109 verbose targetResolver reading package data from /home/dillip/nodejs/node_modules/express-session/package.json
110 verbose targetResolver reading package data from /home/dillip/nodejs/node_modules/formidable/package.json
111 verbose targetResolver reading package data from /home/dillip/nodejs/node_modules/jquery-file-upload-middleware/package.json
112 verbose targetResolver reading package data from /home/dillip/nodejs/node_modules/mongoose/package.json
113 verbose targetResolver reading package data from /home/dillip/nodejs/node_modules/morgan/package.json
114 verbose targetResolver reading package data from /home/dillip/nodejs/node_modules/nodemailer/package.json
115 verbose targetResolver reading package data from /home/dillip/nodejs/node_modules/session-mongoose/package.json
116 verbose already installed skipping connect@^2.0 /home/dillip/nodejs
117 silly install resolved []
118 verbose unlock done using /home/dillip/.npm/_locks/session-mongoose-3da98a4cc4208374.lock for /home/dillip/nodejs/node_modules/session-mongoose
119 verbose validateInstall loading /home/dillip/nodejs/package.json for validation
120 verbose stack Error: The package connect@3.4.1 does not satisfy its siblings' peerDependencies requirements!
120 verbose stack     at /home/dillip/.nvm/versions/node/v4.4.4/lib/node_modules/npm/lib/install.js:125:32
120 verbose stack     at /home/dillip/.nvm/versions/node/v4.4.4/lib/node_modules/npm/lib/install.js:268:7
120 verbose stack     at /home/dillip/.nvm/versions/node/v4.4.4/lib/node_modules/npm/node_modules/read-installed/read-installed.js:142:5
120 verbose stack     at /home/dillip/.nvm/versions/node/v4.4.4/lib/node_modules/npm/node_modules/read-installed/read-installed.js:263:14
120 verbose stack     at cb (/home/dillip/.nvm/versions/node/v4.4.4/lib/node_modules/npm/node_modules/slide/lib/async-map.js:47:24)
120 verbose stack     at /home/dillip/.nvm/versions/node/v4.4.4/lib/node_modules/npm/node_modules/read-installed/read-installed.js:263:14
120 verbose stack     at cb (/home/dillip/.nvm/versions/node/v4.4.4/lib/node_modules/npm/node_modules/slide/lib/async-map.js:47:24)
120 verbose stack     at /home/dillip/.nvm/versions/node/v4.4.4/lib/node_modules/npm/node_modules/read-installed/read-installed.js:263:14
120 verbose stack     at cb (/home/dillip/.nvm/versions/node/v4.4.4/lib/node_modules/npm/node_modules/slide/lib/async-map.js:47:24)
120 verbose stack     at /home/dillip/.nvm/versions/node/v4.4.4/lib/node_modules/npm/node_modules/read-installed/read-installed.js:263:14
121 verbose cwd /home/dillip/nodejs
122 error Linux 4.2.0-27-generic
123 error argv "/home/dillip/.nvm/versions/node/v4.4.4/bin/node" "/home/dillip/.nvm/versions/node/v4.4.4/bin/npm" "install" "session-mongoose"
124 error node v4.4.4
125 error npm  v2.15.1
126 error code EPEERINVALID
127 error peerinvalid The package connect@3.4.1 does not satisfy its siblings' peerDependencies requirements!
127 error peerinvalid Peer session-mongoose@0.5.2 wants connect@^2.0
128 verbose exit [ 1, true ]
